# JRE version: OpenJDK Runtime Environment Temurin-21.0.8+9 (21.0.8+9) (build 21.0.8+9-LTS)
# Java VM: OpenJDK 64-Bit Server VM Temurin-21.0.8+9 (21.0.8+9-LTS, mixed mode, sharing, tiered, compressed oops, compressed class ptrs, parallel gc, windows-amd64)
GC Precious Log:
 CardTable entry size: 512
 CPUs: 8 total, 8 available
 Memory: 16221M
 Large Page Support: Disabled
 NUMA Support: Disabled
 Compressed Oops: Enabled (32-bit)
 Alignments: Space 512K, Generation 512K, Heap 2M
 Heap Min Capacity: 100M
 Heap Initial Capacity: 100M
 Heap Max Capacity: 2G
 Pre-touch: Disabled
 Parallel Workers: 8
Heap:
 PSYoungGen      total 16896K, used 13957K [0x00000000d5580000, 0x00000000d6880000, 0x0000000100000000)
  eden space 16384K, 82% used [0x00000000d5580000,0x00000000d62a4460,0x00000000d6580000)
  from space 512K, 97% used [0x00000000d6800000,0x00000000d687d220,0x00000000d6880000)
  to   space 1024K, 0% used [0x00000000d6680000,0x00000000d6680000,0x00000000d6780000)
 ParOldGen       total 777728K, used 380804K [0x0000000080000000, 0x00000000af780000, 0x00000000d5580000)
  object space 777728K, 48% used [0x0000000080000000,0x00000000973e11b8,0x00000000af780000)
 Metaspace       used 87167K, committed 88960K, reserved 1179648K
  class space    used 8888K, committed 9664K, reserved 1048576K
GC Heap History (20 events):
Event: 599121.505 GC heap before
{Heap before GC invocations=1381 (full 4):
 PSYoungGen      total 16896K, used 16640K [0x00000000d5580000, 0x00000000d6800000, 0x0000000100000000)
  eden space 16384K, 100% used [0x00000000d5580000,0x00000000d6580000,0x00000000d6580000)
  from space 512K, 50% used [0x00000000d6780000,0x00000000d67c0000,0x00000000d6800000)
  to   space 512K, 0% used [0x00000000d6700000,0x00000000d6700000,0x00000000d6780000)
 ParOldGen       total 777728K, used 377589K [0x0000000080000000, 0x00000000af780000, 0x00000000d5580000)
  object space 777728K, 48% used [0x0000000080000000,0x00000000970bd758,0x00000000af780000)
 Metaspace       used 87072K, committed 88896K, reserved 1179648K
  class space    used 8885K, committed 9664K, reserved 1048576K
}
Event: 599121.517 GC heap after
{Heap after GC invocations=1381 (full 4):
 PSYoungGen      total 16896K, used 384K [0x00000000d5580000, 0x00000000d6800000, 0x0000000100000000)
  eden space 16384K, 0% used [0x00000000d5580000,0x00000000d5580000,0x00000000d6580000)
  from space 512K, 75% used [0x00000000d6700000,0x00000000d6760020,0x00000000d6780000)
  to   space 512K, 0% used [0x00000000d6780000,0x00000000d6780000,0x00000000d6800000)
 ParOldGen       total 777728K, used 377589K [0x0000000080000000, 0x00000000af780000, 0x00000000d5580000)
  object space 777728K, 48% used [0x0000000080000000,0x00000000970bd758,0x00000000af780000)
 Metaspace       used 87072K, committed 88896K, reserved 1179648K
  class space    used 8885K, committed 9664K, reserved 1048576K
}
Event: 599134.952 GC heap before
{Heap before GC invocations=1382 (full 4):
 PSYoungGen      total 16896K, used 16768K [0x00000000d5580000, 0x00000000d6800000, 0x0000000100000000)
  eden space 16384K, 100% used [0x00000000d5580000,0x00000000d6580000,0x00000000d6580000)
  from space 512K, 75% used [0x00000000d6700000,0x00000000d6760020,0x00000000d6780000)
  to   space 512K, 0% used [0x00000000d6780000,0x00000000d6780000,0x00000000d6800000)
 ParOldGen       total 777728K, used 377589K [0x0000000080000000, 0x00000000af780000, 0x00000000d5580000)
  object space 777728K, 48% used [0x0000000080000000,0x00000000970bd758,0x00000000af780000)
 Metaspace       used 87078K, committed 88896K, reserved 1179648K
  class space    used 8885K, committed 9664K, reserved 1048576K
}
Event: 599134.957 GC heap after
{Heap after GC invocations=1382 (full 4):
 PSYoungGen      total 16896K, used 320K [0x00000000d5580000, 0x00000000d6800000, 0x0000000100000000)
  eden space 16384K, 0% used [0x00000000d5580000,0x00000000d5580000,0x00000000d6580000)
  from space 512K, 62% used [0x00000000d6780000,0x00000000d67d0020,0x00000000d6800000)
  to   space 512K, 0% used [0x00000000d6700000,0x00000000d6700000,0x00000000d6780000)
 ParOldGen       total 777728K, used 377725K [0x0000000080000000, 0x00000000af780000, 0x00000000d5580000)
  object space 777728K, 48% used [0x0000000080000000,0x00000000970df778,0x00000000af780000)
 Metaspace       used 87078K, committed 88896K, reserved 1179648K
  class space    used 8885K, committed 9664K, reserved 1048576K
}
Event: 602250.181 GC heap before
{Heap before GC invocations=1383 (full 4):
 PSYoungGen      total 16896K, used 16704K [0x00000000d5580000, 0x00000000d6800000, 0x0000000100000000)
  eden space 16384K, 100% used [0x00000000d5580000,0x00000000d6580000,0x00000000d6580000)
  from space 512K, 62% used [0x00000000d6780000,0x00000000d67d0020,0x00000000d6800000)
  to   space 512K, 0% used [0x00000000d6700000,0x00000000d6700000,0x00000000d6780000)
 ParOldGen       total 777728K, used 377725K [0x0000000080000000, 0x00000000af780000, 0x00000000d5580000)
  object space 777728K, 48% used [0x0000000080000000,0x00000000970df778,0x00000000af780000)
 Metaspace       used 87080K, committed 88896K, reserved 1179648K
  class space    used 8885K, committed 9664K, reserved 1048576K
}
Event: 602250.342 GC heap after
{Heap after GC invocations=1383 (full 4):
 PSYoungGen      total 16896K, used 352K [0x00000000d5580000, 0x00000000d6800000, 0x0000000100000000)
  eden space 16384K, 0% used [0x00000000d5580000,0x00000000d5580000,0x00000000d6580000)
  from space 512K, 68% used [0x00000000d6700000,0x00000000d6758040,0x00000000d6780000)
  to   space 512K, 0% used [0x00000000d6780000,0x00000000d6780000,0x00000000d6800000)
 ParOldGen       total 777728K, used 377749K [0x0000000080000000, 0x00000000af780000, 0x00000000d5580000)
  object space 777728K, 48% used [0x0000000080000000,0x00000000970e5778,0x00000000af780000)
 Metaspace       used 87080K, committed 88896K, reserved 1179648K
  class space    used 8885K, committed 9664K, reserved 1048576K
}
Event: 602372.620 GC heap before
{Heap before GC invocations=1384 (full 4):
 PSYoungGen      total 16896K, used 16736K [0x00000000d5580000, 0x00000000d6800000, 0x0000000100000000)
  eden space 16384K, 100% used [0x00000000d5580000,0x00000000d6580000,0x00000000d6580000)
  from space 512K, 68% used [0x00000000d6700000,0x00000000d6758040,0x00000000d6780000)
  to   space 512K, 0% used [0x00000000d6780000,0x00000000d6780000,0x00000000d6800000)
 ParOldGen       total 777728K, used 377749K [0x0000000080000000, 0x00000000af780000, 0x00000000d5580000)
  object space 777728K, 48% used [0x0000000080000000,0x00000000970e5778,0x00000000af780000)
 Metaspace       used 87086K, committed 88896K, reserved 1179648K
  class space    used 8885K, committed 9664K, reserved 1048576K
}
Event: 602372.724 GC heap after
{Heap after GC invocations=1384 (full 4):
 PSYoungGen      total 16896K, used 512K [0x00000000d5580000, 0x00000000d6800000, 0x0000000100000000)
  eden space 16384K, 0% used [0x00000000d5580000,0x00000000d5580000,0x00000000d6580000)
  from space 512K, 100% used [0x00000000d6780000,0x00000000d6800000,0x00000000d6800000)
  to   space 1024K, 0% used [0x00000000d6600000,0x00000000d6600000,0x00000000d6700000)
 ParOldGen       total 777728K, used 377909K [0x0000000080000000, 0x00000000af780000, 0x00000000d5580000)
  object space 777728K, 48% used [0x0000000080000000,0x000000009710d798,0x00000000af780000)
 Metaspace       used 87086K, committed 88896K, reserved 1179648K
  class space    used 8885K, committed 9664K, reserved 1048576K
}
Event: 602374.853 GC heap before
{Heap before GC invocations=1385 (full 4):
 PSYoungGen      total 16896K, used 16896K [0x00000000d5580000, 0x00000000d6800000, 0x0000000100000000)
  eden space 16384K, 100% used [0x00000000d5580000,0x00000000d6580000,0x00000000d6580000)
  from space 512K, 100% used [0x00000000d6780000,0x00000000d6800000,0x00000000d6800000)
  to   space 1024K, 0% used [0x00000000d6600000,0x00000000d6600000,0x00000000d6700000)
 ParOldGen       total 777728K, used 377909K [0x0000000080000000, 0x00000000af780000, 0x00000000d5580000)
  object space 777728K, 48% used [0x0000000080000000,0x000000009710d798,0x00000000af780000)
 Metaspace       used 87107K, committed 88960K, reserved 1179648K
  class space    used 8885K, committed 9664K, reserved 1048576K
}
Event: 602374.894 GC heap after
{Heap after GC invocations=1385 (full 4):
 PSYoungGen      total 17408K, used 1024K [0x00000000d5580000, 0x00000000d6a80000, 0x0000000100000000)
  eden space 16384K, 0% used [0x00000000d5580000,0x00000000d5580000,0x00000000d6580000)
  from space 1024K, 100% used [0x00000000d6600000,0x00000000d6700000,0x00000000d6700000)
  to   space 2560K, 0% used [0x00000000d6800000,0x00000000d6800000,0x00000000d6a80000)
 ParOldGen       total 777728K, used 379067K [0x0000000080000000, 0x00000000af780000, 0x00000000d5580000)
  object space 777728K, 48% used [0x0000000080000000,0x000000009722ed68,0x00000000af780000)
 Metaspace       used 87107K, committed 88960K, reserved 1179648K
  class space    used 8885K, committed 9664K, reserved 1048576K
}
Event: 602462.008 GC heap before
{Heap before GC invocations=1386 (full 4):
 PSYoungGen      total 17408K, used 17408K [0x00000000d5580000, 0x00000000d6a80000, 0x0000000100000000)
  eden space 16384K, 100% used [0x00000000d5580000,0x00000000d6580000,0x00000000d6580000)
  from space 1024K, 100% used [0x00000000d6600000,0x00000000d6700000,0x00000000d6700000)
  to   space 2560K, 0% used [0x00000000d6800000,0x00000000d6800000,0x00000000d6a80000)
 ParOldGen       total 777728K, used 379067K [0x0000000080000000, 0x00000000af780000, 0x00000000d5580000)
  object space 777728K, 48% used [0x0000000080000000,0x000000009722ed68,0x00000000af780000)
 Metaspace       used 87155K, committed 88960K, reserved 1179648K
  class space    used 8887K, committed 9664K, reserved 1048576K
}
Event: 602462.031 GC heap after
{Heap after GC invocations=1386 (full 4):
 PSYoungGen      total 16896K, used 416K [0x00000000d5580000, 0x00000000d6880000, 0x0000000100000000)
  eden space 16384K, 0% used [0x00000000d5580000,0x00000000d5580000,0x00000000d6580000)
  from space 512K, 81% used [0x00000000d6800000,0x00000000d6868020,0x00000000d6880000)
  to   space 1536K, 0% used [0x00000000d6580000,0x00000000d6580000,0x00000000d6700000)
 ParOldGen       total 777728K, used 380119K [0x0000000080000000, 0x00000000af780000, 0x00000000d5580000)
  object space 777728K, 48% used [0x0000000080000000,0x0000000097335f78,0x00000000af780000)
 Metaspace       used 87155K, committed 88960K, reserved 1179648K
  class space    used 8887K, committed 9664K, reserved 1048576K
}
Event: 602464.506 GC heap before
{Heap before GC invocations=1387 (full 4):
 PSYoungGen      total 16896K, used 16800K [0x00000000d5580000, 0x00000000d6880000, 0x0000000100000000)
  eden space 16384K, 100% used [0x00000000d5580000,0x00000000d6580000,0x00000000d6580000)
  from space 512K, 81% used [0x00000000d6800000,0x00000000d6868020,0x00000000d6880000)
  to   space 1536K, 0% used [0x00000000d6580000,0x00000000d6580000,0x00000000d6700000)
 ParOldGen       total 777728K, used 380119K [0x0000000080000000, 0x00000000af780000, 0x00000000d5580000)
  object space 777728K, 48% used [0x0000000080000000,0x0000000097335f78,0x00000000af780000)
 Metaspace       used 87158K, committed 88960K, reserved 1179648K
  class space    used 8887K, committed 9664K, reserved 1048576K
}
Event: 602464.520 GC heap after
{Heap after GC invocations=1387 (full 4):
 PSYoungGen      total 17920K, used 352K [0x00000000d5580000, 0x00000000d6880000, 0x0000000100000000)
  eden space 16384K, 0% used [0x00000000d5580000,0x00000000d5580000,0x00000000d6580000)
  from space 1536K, 22% used [0x00000000d6580000,0x00000000d65d8020,0x00000000d6700000)
  to   space 512K, 0% used [0x00000000d6800000,0x00000000d6800000,0x00000000d6880000)
 ParOldGen       total 777728K, used 380444K [0x0000000080000000, 0x00000000af780000, 0x00000000d5580000)
  object space 777728K, 48% used [0x0000000080000000,0x0000000097387188,0x00000000af780000)
 Metaspace       used 87158K, committed 88960K, reserved 1179648K
  class space    used 8887K, committed 9664K, reserved 1048576K
}
Event: 607521.574 GC heap before
{Heap before GC invocations=1388 (full 4):
 PSYoungGen      total 17920K, used 16736K [0x00000000d5580000, 0x00000000d6880000, 0x0000000100000000)
  eden space 16384K, 100% used [0x00000000d5580000,0x00000000d6580000,0x00000000d6580000)
  from space 1536K, 22% used [0x00000000d6580000,0x00000000d65d8020,0x00000000d6700000)
  to   space 512K, 0% used [0x00000000d6800000,0x00000000d6800000,0x00000000d6880000)
 ParOldGen       total 777728K, used 380444K [0x0000000080000000, 0x00000000af780000, 0x00000000d5580000)
  object space 777728K, 48% used [0x0000000080000000,0x0000000097387188,0x00000000af780000)
 Metaspace       used 87159K, committed 88960K, reserved 1179648K
  class space    used 8888K, committed 9664K, reserved 1048576K
}
Event: 607521.740 GC heap after
{Heap after GC invocations=1388 (full 4):
 PSYoungGen      total 16896K, used 352K [0x00000000d5580000, 0x00000000d6880000, 0x0000000100000000)
  eden space 16384K, 0% used [0x00000000d5580000,0x00000000d5580000,0x00000000d6580000)
  from space 512K, 68% used [0x00000000d6800000,0x00000000d6858020,0x00000000d6880000)
  to   space 512K, 0% used [0x00000000d6780000,0x00000000d6780000,0x00000000d6800000)
 ParOldGen       total 777728K, used 380548K [0x0000000080000000, 0x00000000af780000, 0x00000000d5580000)
  object space 777728K, 48% used [0x0000000080000000,0x00000000973a11a8,0x00000000af780000)
 Metaspace       used 87159K, committed 88960K, reserved 1179648K
  class space    used 8888K, committed 9664K, reserved 1048576K
}
Event: 609942.930 GC heap before
{Heap before GC invocations=1389 (full 4):
 PSYoungGen      total 16896K, used 16731K [0x00000000d5580000, 0x00000000d6880000, 0x0000000100000000)
  eden space 16384K, 99% used [0x00000000d5580000,0x00000000d657ee30,0x00000000d6580000)
  from space 512K, 68% used [0x00000000d6800000,0x00000000d6858020,0x00000000d6880000)
  to   space 512K, 0% used [0x00000000d6780000,0x00000000d6780000,0x00000000d6800000)
 ParOldGen       total 777728K, used 380548K [0x0000000080000000, 0x00000000af780000, 0x00000000d5580000)
  object space 777728K, 48% used [0x0000000080000000,0x00000000973a11a8,0x00000000af780000)
 Metaspace       used 87160K, committed 88960K, reserved 1179648K
  class space    used 8888K, committed 9664K, reserved 1048576K
}
Event: 609943.102 GC heap after
{Heap after GC invocations=1389 (full 4):
 PSYoungGen      total 16896K, used 224K [0x00000000d5580000, 0x00000000d6880000, 0x0000000100000000)
  eden space 16384K, 0% used [0x00000000d5580000,0x00000000d5580000,0x00000000d6580000)
  from space 512K, 43% used [0x00000000d6780000,0x00000000d67b8000,0x00000000d6800000)
  to   space 512K, 0% used [0x00000000d6800000,0x00000000d6800000,0x00000000d6880000)
 ParOldGen       total 777728K, used 380580K [0x0000000080000000, 0x00000000af780000, 0x00000000d5580000)
  object space 777728K, 48% used [0x0000000080000000,0x00000000973a91a8,0x00000000af780000)
 Metaspace       used 87160K, committed 88960K, reserved 1179648K
  class space    used 8888K, committed 9664K, reserved 1048576K
}
Event: 609949.397 GC heap before
{Heap before GC invocations=1390 (full 4):
 PSYoungGen      total 16896K, used 16608K [0x00000000d5580000, 0x00000000d6880000, 0x0000000100000000)
  eden space 16384K, 100% used [0x00000000d5580000,0x00000000d6580000,0x00000000d6580000)
  from space 512K, 43% used [0x00000000d6780000,0x00000000d67b8000,0x00000000d6800000)
  to   space 512K, 0% used [0x00000000d6800000,0x00000000d6800000,0x00000000d6880000)
 ParOldGen       total 777728K, used 380580K [0x0000000080000000, 0x00000000af780000, 0x00000000d5580000)
  object space 777728K, 48% used [0x0000000080000000,0x00000000973a91a8,0x00000000af780000)
 Metaspace       used 87166K, committed 88960K, reserved 1179648K
  class space    used 8888K, committed 9664K, reserved 1048576K
}
Event: 609949.406 GC heap after
{Heap after GC invocations=1390 (full 4):
 PSYoungGen      total 16896K, used 500K [0x00000000d5580000, 0x00000000d6880000, 0x0000000100000000)
  eden space 16384K, 0% used [0x00000000d5580000,0x00000000d5580000,0x00000000d6580000)
  from space 512K, 97% used [0x00000000d6800000,0x00000000d687d220,0x00000000d6880000)
  to   space 1024K, 0% used [0x00000000d6680000,0x00000000d6680000,0x00000000d6780000)
 ParOldGen       total 777728K, used 380804K [0x0000000080000000, 0x00000000af780000, 0x00000000d5580000)
  object space 777728K, 48% used [0x0000000080000000,0x00000000973e11b8,0x00000000af780000)
 Metaspace       used 87166K, committed 88960K, reserved 1179648K
  class space    used 8888K, committed 9664K, reserved 1048576K
}

